app/build/intermediates/manifest_merge_blame_file/debug/manifest-merger-blame-debug-report.txt
1<?xml version="1.0" encoding="utf-8"?>
2<manifest xmlns:android="http://schemas.android.com/apk/res/android"
3    package="com.example.afinal"
4    android:versionCode="1"
5    android:versionName="1.0" >
6
7    <uses-sdk
8        android:minSdkVersion="24"
8-->src/main/AndroidManifest.xml
9        android:targetSdkVersion="29" />
9-->src/main/AndroidManifest.xml
10
11    <uses-permission android:name="android.permission.INTERNET" />
11-->src/main/AndroidManifest.xml:6:5-67
11-->src/main/AndroidManifest.xml:6:22-64
12    <uses-permission android:name="android.permission.CALL_PHONE" />
12-->src/main/AndroidManifest.xml:7:5-69
12-->src/main/AndroidManifest.xml:7:22-66
13    <uses-permission android:name="com.xhm.meishi.permission.MAPS_RECEIVE" />
13-->src/main/AndroidManifest.xml:8:5-78
13-->src/main/AndroidManifest.xml:8:22-75
14    <uses-permission android:name="android.permission.INTERNET" />
14-->src/main/AndroidManifest.xml:6:5-67
14-->src/main/AndroidManifest.xml:6:22-64
15    <uses-permission android:name="android.permission.ACCESS_BACKGROUND_LOCATION" />
15-->src/main/AndroidManifest.xml:10:5-85
15-->src/main/AndroidManifest.xml:10:22-82
16    <uses-permission android:name="android.permission.ACCESS_NETWORK_STATE" />
16-->src/main/AndroidManifest.xml:11:5-79
16-->src/main/AndroidManifest.xml:11:22-76
17    <uses-permission android:name="android.permission.WRITE_EXTERNAL_STORAGE" />
17-->src/main/AndroidManifest.xml:12:5-81
17-->src/main/AndroidManifest.xml:12:22-78
18    <uses-permission android:name="com.google.android.providers.gsf.permission.READ_GSERVICES" />
18-->src/main/AndroidManifest.xml:13:5-98
18-->src/main/AndroidManifest.xml:13:22-95
19    <uses-permission android:name="android.permission.ACCESS_COARSE_LOCATION" />
19-->src/main/AndroidManifest.xml:14:5-81
19-->src/main/AndroidManifest.xml:14:22-78
20    <uses-permission android:name="android.permission.ACCESS_FINE_LOCATION" /> <!-- 申请glE特性 -->
20-->src/main/AndroidManifest.xml:15:5-79
20-->src/main/AndroidManifest.xml:15:22-76
21    <uses-feature
21-->src/main/AndroidManifest.xml:16:5-18:35
22        android:glEsVersion="0x00020000"
22-->src/main/AndroidManifest.xml:17:9-41
23        android:required="true" />
23-->src/main/AndroidManifest.xml:18:9-32
24
25    <application
25-->src/main/AndroidManifest.xml:20:5-61:19
26        android:allowBackup="true"
26-->src/main/AndroidManifest.xml:21:9-35
27        android:appComponentFactory="androidx.core.app.CoreComponentFactory"
27-->[androidx.core:core:1.1.0] AndroidManifest.xml:24:18-86
28        android:debuggable="true"
29        android:icon="@mipmap/ic_launcher"
29-->src/main/AndroidManifest.xml:22:9-43
30        android:label="@string/app_name"
30-->src/main/AndroidManifest.xml:23:9-41
31        android:largeHeap="true"
31-->src/main/AndroidManifest.xml:24:9-33
32        android:roundIcon="@mipmap/ic_launcher_round"
32-->src/main/AndroidManifest.xml:25:9-54
33        android:supportsRtl="true"
33-->src/main/AndroidManifest.xml:26:9-35
34        android:testOnly="true"
35        android:theme="@style/Theme.AppCompat.Light" >
35-->src/main/AndroidManifest.xml:27:9-53
36        <activity android:name="com.example.afinal.Answer" />
36-->src/main/AndroidManifest.xml:28:9-53
36-->src/main/AndroidManifest.xml:28:19-41
37        <activity android:name="com.example.afinal.running" />
37-->src/main/AndroidManifest.xml:29:9-45
37-->src/main/AndroidManifest.xml:29:19-42
38
39        <receiver
39-->src/main/AndroidManifest.xml:31:9-34:39
40            android:name="com.example.broadcastreceiver.GeofenceBroadReceiver"
40-->src/main/AndroidManifest.xml:32:13-79
41            android:enabled="true"
41-->src/main/AndroidManifest.xml:33:13-35
42            android:exported="true" />
42-->src/main/AndroidManifest.xml:34:13-36
43
44        <service
44-->src/main/AndroidManifest.xml:36:9-39:39
45            android:name="com.example.service.MyService"
45-->src/main/AndroidManifest.xml:37:13-57
46            android:enabled="true"
46-->src/main/AndroidManifest.xml:38:13-35
47            android:exported="true" />
47-->src/main/AndroidManifest.xml:39:13-36
48
49        <meta-data
49-->src/main/AndroidManifest.xml:41:9-43:71
50            android:name="com.google.android.geo.API_KEY"
50-->src/main/AndroidManifest.xml:42:13-58
51            android:value="AIzaSyB5PkoiHOJdG9xwTvOvUH4_MlPCW3J9Wu4" />
51-->src/main/AndroidManifest.xml:43:13-68
52
53        <activity android:name="com.example.afinal.ResultReportActivity" />
53-->src/main/AndroidManifest.xml:45:9-58
53-->src/main/AndroidManifest.xml:45:19-55
54        <activity android:name="com.example.fragment.QuestionItemFragment" />
54-->src/main/AndroidManifest.xml:46:9-78
54-->src/main/AndroidManifest.xml:46:19-75
55        <activity android:name="com.example.afinal.solver" />
55-->src/main/AndroidManifest.xml:47:9-44
55-->src/main/AndroidManifest.xml:47:19-41
56        <activity android:name="com.example.afinal.hospital_info" />
56-->src/main/AndroidManifest.xml:48:9-51
56-->src/main/AndroidManifest.xml:48:19-48
57        <activity android:name="com.example.fragment.Tab4Fragment" />
57-->src/main/AndroidManifest.xml:49:9-70
57-->src/main/AndroidManifest.xml:49:19-67
58        <activity android:name="com.example.fragment.Tab3Fragment" />
58-->src/main/AndroidManifest.xml:50:9-70
58-->src/main/AndroidManifest.xml:50:19-67
59        <activity android:name="com.example.fragment.Tab2Fragment" />
59-->src/main/AndroidManifest.xml:51:9-70
59-->src/main/AndroidManifest.xml:51:19-67
60        <activity android:name="com.example.fragment.Tab1Fragment" />
60-->src/main/AndroidManifest.xml:52:9-70
60-->src/main/AndroidManifest.xml:52:19-67
61        <activity android:name="com.example.afinal.MainActivity" >
61-->src/main/AndroidManifest.xml:53:9-60:20
61-->src/main/AndroidManifest.xml:53:19-47
62            android:label="Flu"
63            <intent-filter>
63-->src/main/AndroidManifest.xml:55:13-59:29
64                <action android:name="android.intent.action.MAIN" />
64-->src/main/AndroidManifest.xml:56:17-69
64-->src/main/AndroidManifest.xml:56:25-66
65
66                <category android:name="android.intent.category.LAUNCHER" />
66-->src/main/AndroidManifest.xml:58:17-77
66-->src/main/AndroidManifest.xml:58:27-74
67            </intent-filter>
68        </activity>
69        <!-- Needs to be explicitly declared on P+ -->
70        <uses-library
70-->[com.google.android.gms:play-services-maps:17.0.0] AndroidManifest.xml:33:9-35:40
71            android:name="org.apache.http.legacy"
71-->[com.google.android.gms:play-services-maps:17.0.0] AndroidManifest.xml:34:13-50
72            android:required="false" />
72-->[com.google.android.gms:play-services-maps:17.0.0] AndroidManifest.xml:35:13-37
73
74        <activity
74-->[com.google.android.gms:play-services-base:17.0.0] AndroidManifest.xml:23:9-26:75
75            android:name="com.google.android.gms.common.api.GoogleApiActivity"
75-->[com.google.android.gms:play-services-base:17.0.0] AndroidManifest.xml:24:13-79
76            android:exported="false"
76-->[com.google.android.gms:play-services-base:17.0.0] AndroidManifest.xml:25:13-37
77            android:theme="@android:style/Theme.Translucent.NoTitleBar" />
77-->[com.google.android.gms:play-services-base:17.0.0] AndroidManifest.xml:26:13-72
78
79        <meta-data
79-->[com.google.android.gms:play-services-basement:17.0.0] AndroidManifest.xml:23:9-25:69
80            android:name="com.google.android.gms.version"
80-->[com.google.android.gms:play-services-basement:17.0.0] AndroidManifest.xml:24:13-58
81            android:value="@integer/google_play_services_version" />
81-->[com.google.android.gms:play-services-basement:17.0.0] AndroidManifest.xml:25:13-66
82    </application>
83
84</manifest>